
> temp_app@0.1.0 dev
> next dev

▲ Next.js 16.2.2 (Turbopack)
- Local:         http://localhost:3000
- Network:       http://192.168.0.2:3000
✓ Ready in 573ms

○ Compiling / ...
 GET / 200 in 5.0s (next.js: 4.4s, application-code: 640ms)
○ Compiling /lse-stability ...
 GET /lse-stability 200 in 5.1s (next.js: 5.0s, application-code: 74ms)
[browser] Encountered a script tag while rendering React component. Scripts inside React components are never executed when rendering on the client. Consider using template tag instead (https://developer.mozilla.org/en-US/docs/Web/HTML/Element/template).
[browser] THREE.THREE.Clock: This module has been deprecated. Please use THREE.Timer instead.
[browser] THREE.LineSegmentsGeometry.computeBoundingSphere(): Computed radius is NaN. The instanced position data is likely to have NaN values. [object Object]
[browser] THREE.LineSegmentsGeometry.computeBoundingSphere(): Computed radius is NaN. The instanced position data is likely to have NaN values. [object Object]
[browser] THREE.LineSegmentsGeometry.computeBoundingSphere(): Computed radius is NaN. The instanced position data is likely to have NaN values. [object Object]
[browser] THREE.LineSegmentsGeometry.computeBoundingSphere(): Computed radius is NaN. The instanced position data is likely to have NaN values. [object Object]
[browser] THREE.LineSegmentsGeometry.computeBoundingSphere(): Computed radius is NaN. The instanced position data is likely to have NaN values. [object Object]
[browser] THREE.LineSegmentsGeometry.computeBoundingSphere(): Computed radius is NaN. The instanced position data is likely to have NaN values. [object Object]
[browser] THREE.LineSegmentsGeometry.computeBoundingSphere(): Computed radius is NaN. The instanced position data is likely to have NaN values. [object Object]
[browser] THREE.LineSegmentsGeometry.computeBoundingSphere(): Computed radius is NaN. The instanced position data is likely to have NaN values. [object Object]
 GET / 200 in 1355ms (next.js: 716ms, application-code: 639ms)
 GET /lse-stability 200 in 87ms (next.js: 50ms, application-code: 37ms)
[browser] THREE.THREE.Clock: This module has been deprecated. Please use THREE.Timer instead.
